<?xml version="1.0" encoding="UTF-8"?>
<testng-results ignored="0" total="1" passed="1" failed="0" skipped="0">
  <reporter-output>
  </reporter-output>
  <suite started-at="2025-11-11T20:19:33 IST" name="Default suite" finished-at="2025-11-11T20:20:07 IST" duration-ms="33481">
    <groups>
    </groups>
    <test started-at="2025-11-11T20:19:33 IST" name="Default test" finished-at="2025-11-11T20:20:07 IST" duration-ms="33481">
      <class name="Enterprises.AmazonTest">
        <test-method is-config="true" signature="launchBrowser()[pri:0, instance:Enterprises.AmazonTest@9597028]" started-at="2025-11-11T20:19:33 IST" name="launchBrowser" finished-at="2025-11-11T20:19:43 IST" duration-ms="10059" status="PASS">
          <reporter-output>
          </reporter-output>
        </test-method> <!-- launchBrowser -->
        <test-method signature="Price()[pri:0, instance:Enterprises.AmazonTest@9597028]" started-at="2025-11-11T20:19:43 IST" name="Price" description="Amazon Product Price and Ratings" finished-at="2025-11-11T20:20:07 IST" duration-ms="23318" status="PASS">
          <reporter-output>
          </reporter-output>
        </test-method> <!-- Price -->
      </class> <!-- Enterprises.AmazonTest -->
    </test> <!-- Default test -->
  </suite> <!-- Default suite -->
</testng-results>
